
start ddr init
SMU: clock frequency config
                           DDRC: init start
DDRC: under self-refresh mode
DDR PHY: init start
DDR PHY: phyinit_C_initPhyConfig Complete
verify success
verify success
[PMU Major message = 0x00000008]
        PMU String index = 0x00c40001
        arg[0] = 0x00001000

[PMU Major message = 0x00000008]
        PMU String index = 0x00bb0001
        arg[0] = 0x00000010

[PMU Major message = 0x00000008]
        PMU String index = 0x005b0003
        arg[0] = 0x00000004
        arg[1] = 0x00000008
        arg[2] = 0x0000000a

[PMU Major message = 0x00000008]
        PMU String index = 0x005d0006
        arg[0] = 0x00000001
        arg[1] = 0x00000000
        arg[2] = 0x0000131f
        arg[3] = 0x00000004
        arg[4] = 0x00000000
        arg[5] = 0x00000640

[PMU Major message = 0x00000008]
        PMU String index = 0x00620005
        arg[0] = 0x00000000
        arg[1] = 0x00000024
        arg[2] = 0x00000012
        arg[3] = 0x00000031
        arg[4] = 0x00000000

[PMU Major message = 0x00000008]
        PMU String index = 0x04260003
        arg[0] = 0x0000000a
        arg[1] = 0x00000004
        arg[2] = 0x00000001

[PMU Major message = 0x00000008]
        PMU String index = 0x009f0001
        arg[0] = 0x00000001

[PMU Major message = 0x00000008]
        PMU String index = 0x00a00001
        arg[0] = 0x00000000

[PMU Major message = 0x00000008]
        PMU String index = 0x00a20001
        arg[0] = 0x000000ff

[PMU Major message = 0x00000008]
        PMU String index = 0x00a20001
        arg[0] = 0x000000ff

[PMU Major message = 0x00000008]
        PMU String index = 0x00a20001
        arg[0] = 0x000000ff

[PMU Major message = 0x00000008]
        PMU String index = 0x00a20001
        arg[0] = 0x000000ff

[PMU Major message = 0x00000008]
        PMU String index = 0x00a20001
        arg[0] = 0x000000ff

[PMU Major message = 0x00000008]
        PMU String index = 0x00a20001
        arg[0] = 0x0000001f

[PMU Major message = 0x00000008]
        PMU String index = 0x00a20001
        arg[0] = 0x00000000

[PMU Major message = 0x00000008]
        PMU String index = 0x00a20001
        arg[0] = 0x00000000

[PMU Major message = 0x00000008]
        PMU String index = 0x00a20001
        arg[0] = 0x00000000

[PMU Major message = 0x00000008]
        PMU String index = 0x00a20001
        arg[0] = 0x00000000

[PMU Major message = 0x00000008]
        PMU String index = 0x00a20001
        arg[0] = 0x00000000

[PMU Major message = 0x00000008]
        PMU String index = 0x00a20001
        arg[0] = 0x000000f0

[PMU Major message = 0x00000008]
        PMU String index = 0x00a20001
        arg[0] = 0x000000ff

[PMU Major message = 0x00000008]
        PMU String index = 0x00a20001
        arg[0] = 0x000000ff

[PMU Major message = 0x00000008]
        PMU String index = 0x00a20001
        arg[0] = 0x000000ff

[PMU Major message = 0x00000008]
        PMU String index = 0x00a20001
        arg[0] = 0x000000ff

[PMU Major message = 0x00000008]
        PMU String index = 0x00a20001
        arg[0] = 0x000000ff

[PMU Major message = 0x00000008]
        PMU String index = 0x00a20001
        arg[0] = 0x000000ff

[PMU Major message = 0x00000008]
        PMU String index = 0x00a20001
        arg[0] = 0x000000ff

[PMU Major message = 0x00000008]
        PMU String index = 0x00a20001
        arg[0] = 0x000000ff

[PMU Major message = 0x00000008]
        PMU String index = 0x00a20001
        arg[0] = 0x000000ff

[PMU Major message = 0x00000008]
        PMU String index = 0x00a20001
        arg[0] = 0x000000ff

[PMU Major message = 0x00000008]
        PMU String index = 0x00a20001
        arg[0] = 0x000000ff

[PMU Major message = 0x00000008]
        PMU String index = 0x00a20001
        arg[0] = 0x000000ff

[PMU Major message = 0x00000008]
        PMU String index = 0x00a30000

[PMU Major message = 0x00000008]
        PMU String index = 0x00a00001
        arg[0] = 0x00000001

[PMU Major message = 0x00000008]
        PMU String index = 0x00a20001
        arg[0] = 0x000000ff

[PMU Major message = 0x00000008]
        PMU String index = 0x00a20001
        arg[0] = 0x000000ff

[PMU Major message = 0x00000008]
        PMU String index = 0x00a20001
        arg[0] = 0x000000ff

[PMU Major message = 0x00000008]
        PMU String index = 0x00a20001
        arg[0] = 0x000000ff

[PMU Major message = 0x00000008]
        PMU String index = 0x00a20001
        arg[0] = 0x000000ff

[PMU Major message = 0x00000008]
        PMU String index = 0x00a20001
        arg[0] = 0x0000000f

[PMU Major message = 0x00000008]
        PMU String index = 0x00a20001
        arg[0] = 0x00000000

[PMU Major message = 0x00000008]
        PMU String index = 0x00a20001
        arg[0] = 0x00000000

[PMU Major message = 0x00000008]
        PMU String index = 0x00a20001
        arg[0] = 0x00000000

[PMU Major message = 0x00000008]
        PMU String index = 0x00a20001
        arg[0] = 0x00000000

[PMU Major message = 0x00000008]
        PMU String index = 0x00a20001
        arg[0] = 0x00000000

[PMU Major message = 0x00000008]
        PMU String index = 0x00a20001
        arg[0] = 0x000000f0

[PMU Major message = 0x00000008]
        PMU String index = 0x00a20001
        arg[0] = 0x000000ff

[PMU Major message = 0x00000008]
        PMU String index = 0x00a20001
        arg[0] = 0x000000ff

[PMU Major message = 0x00000008]
        PMU String index = 0x00a20001
        arg[0] = 0x000000ff

[PMU Major message = 0x00000008]
        PMU String index = 0x00a20001
        arg[0] = 0x000000ff

[PMU Major message = 0x00000008]
        PMU String index = 0x00a20001
        arg[0] = 0x000000ff

[PMU Major message = 0x00000008]
        PMU String index = 0x00a20001
        arg[0] = 0x000000ff

[PMU Major message = 0x00000008]
        PMU String index = 0x00a20001
        arg[0] = 0x000000ff

[PMU Major message = 0x00000008]
        PMU String index = 0x00a20001
        arg[0] = 0x000000ff

[PMU Major message = 0x00000008]
        PMU String index = 0x00a20001
        arg[0] = 0x000000ff

[PMU Major message = 0x00000008]
        PMU String index = 0x00a20001
        arg[0] = 0x000000ff

[PMU Major message = 0x00000008]
        PMU String index = 0x00a20001
        arg[0] = 0x000000ff

[PMU Major message = 0x00000008]
        PMU String index = 0x00a20001
        arg[0] = 0x000000ff

[PMU Major message = 0x00000008]
        PMU String index = 0x00a30000

[PMU Major message = 0x00000008]
        PMU String index = 0x00a00001
        arg[0] = 0x00000002

[PMU Major message = 0x00000008]
        PMU String index = 0x00a20001
        arg[0] = 0x000000ff

[PMU Major message = 0x00000008]
        PMU String index = 0x00a20001
        arg[0] = 0x000000ff

[PMU Major message = 0x00000008]
        PMU String index = 0x00a20001
        arg[0] = 0x000000ff

[PMU Major message = 0x00000008]
        PMU String index = 0x00a20001
        arg[0] = 0x000000ff

[PMU Major message = 0x00000008]
        PMU String index = 0x00a20001
        arg[0] = 0x000000ff

[PMU Major message = 0x00000008]
        PMU String index = 0x00a20001
        arg[0] = 0x0000000f

[PMU Major message = 0x00000008]
        PMU String index = 0x00a20001
        arg[0] = 0x00000000

[PMU Major message = 0x00000008]
        PMU String index = 0x00a20001
        arg[0] = 0x00000000

[PMU Major message = 0x00000008]
        PMU String index = 0x00a20001
        arg[0] = 0x00000000

[PMU Major message = 0x00000008]
        PMU String index = 0x00a20001
        arg[0] = 0x00000000

[PMU Major message = 0x00000008]
        PMU String index = 0x00a20001
        arg[0] = 0x00000000

[PMU Major message = 0x00000008]
        PMU String index = 0x00a20001
        arg[0] = 0x000000c0

[PMU Major message = 0x00000008]
        PMU String index = 0x00a20001
        arg[0] = 0x000000ff

[PMU Major message = 0x00000008]
        PMU String index = 0x00a20001
        arg[0] = 0x000000ff

[PMU Major message = 0x00000008]
        PMU String index = 0x00a20001
        arg[0] = 0x000000ff

[PMU Major message = 0x00000008]
        PMU String index = 0x00a20001
        arg[0] = 0x000000ff

[PMU Major message = 0x00000008]
        PMU String index = 0x00a20001
        arg[0] = 0x000000ff

[PMU Major message = 0x00000008]
        PMU String index = 0x00a20001
        arg[0] = 0x000000ff

[PMU Major message = 0x00000008]
        PMU String index = 0x00a20001
        arg[0] = 0x000000ff

[PMU Major message = 0x00000008]
        PMU String index = 0x00a20001
        arg[0] = 0x000000ff

[PMU Major message = 0x00000008]
        PMU String index = 0x00a20001
        arg[0] = 0x000000ff

[PMU Major message = 0x00000008]
        PMU String index = 0x00a20001
        arg[0] = 0x000000ff

[PMU Major message = 0x00000008]
        PMU String index = 0x00a20001
        arg[0] = 0x000000ff

[PMU Major message = 0x00000008]
        PMU String index = 0x00a20001
        arg[0] = 0x000000ff

[PMU Major message = 0x00000008]
        PMU String index = 0x00a30000

[PMU Major message = 0x00000008]
        PMU String index = 0x00a00001
        arg[0] = 0x00000003

[PMU Major message = 0x00000008]
        PMU String index = 0x00a20001
        arg[0] = 0x000000ff

[PMU Major message = 0x00000008]
        PMU String index = 0x00a20001
        arg[0] = 0x000000ff

[PMU Major message = 0x00000008]
        PMU String index = 0x00a20001
        arg[0] = 0x000000ff

[PMU Major message = 0x00000008]
        PMU String index = 0x00a20001
        arg[0] = 0x000000ff

[PMU Major message = 0x00000008]
        PMU String index = 0x00a20001
        arg[0] = 0x000000ff

[PMU Major message = 0x00000008]
        PMU String index = 0x00a20001
        arg[0] = 0x0000000f

[PMU Major message = 0x00000008]
        PMU String index = 0x00a20001
        arg[0] = 0x00000000

[PMU Major message = 0x00000008]
        PMU String index = 0x00a20001
        arg[0] = 0x00000000

[PMU Major message = 0x00000008]
        PMU String index = 0x00a20001
        arg[0] = 0x00000000

[PMU Major message = 0x00000008]
        PMU String index = 0x00a20001
        arg[0] = 0x00000000

[PMU Major message = 0x00000008]
        PMU String index = 0x00a20001
        arg[0] = 0x00000000

[PMU Major message = 0x00000008]
        PMU String index = 0x00a20001
        arg[0] = 0x000000f0

[PMU Major message = 0x00000008]
        PMU String index = 0x00a20001
        arg[0] = 0x000000ff

[PMU Major message = 0x00000008]
        PMU String index = 0x00a20001
        arg[0] = 0x000000ff

[PMU Major message = 0x00000008]
        PMU String index = 0x00a20001
        arg[0] = 0x000000ff

[PMU Major message = 0x00000008]
        PMU String index = 0x00a20001
        arg[0] = 0x000000ff

[PMU Major message = 0x00000008]
        PMU String index = 0x00a20001
        arg[0] = 0x000000ff

[PMU Major message = 0x00000008]
        PMU String index = 0x00a20001
        arg[0] = 0x000000ff

[PMU Major message = 0x00000008]
        PMU String index = 0x00a20001
        arg[0] = 0x000000ff

[PMU Major message = 0x00000008]
        PMU String index = 0x00a20001
        arg[0] = 0x000000ff

[PMU Major message = 0x00000008]
        PMU String index = 0x00a20001
        arg[0] = 0x000000ff

[PMU Major message = 0x00000008]
        PMU String index = 0x00a20001
        arg[0] = 0x000000ff

[PMU Major message = 0x00000008]
        PMU String index = 0x00a20001
        arg[0] = 0x000000ff

[PMU Major message = 0x00000008]
        PMU String index = 0x00a20001
        arg[0] = 0x000000ff

[PMU Major message = 0x00000008]
        PMU String index = 0x00a30000

[PMU Major message = 0x00000008]
        PMU String index = 0x00a00001
        arg[0] = 0x00000004

[PMU Major message = 0x00000008]
        PMU String index = 0x00a20001
        arg[0] = 0x000000ff

[PMU Major message = 0x00000008]
        PMU String index = 0x00a20001
        arg[0] = 0x000000ff

[PMU Major message = 0x00000008]
        PMU String index = 0x00a20001
        arg[0] = 0x000000ff

[PMU Major message = 0x00000008]
        PMU String index = 0x00a20001
        arg[0] = 0x000000ff

[PMU Major message = 0x00000008]
        PMU String index = 0x00a20001
        arg[0] = 0x000000ff

[PMU Major message = 0x00000008]
        PMU String index = 0x00a20001
        arg[0] = 0x0000001f

[PMU Major message = 0x00000008]
        PMU String index = 0x00a20001
        arg[0] = 0x00000000

[PMU Major message = 0x00000008]
        PMU String index = 0x00a20001
        arg[0] = 0x00000000

[PMU Major message = 0x00000008]
        PMU String index = 0x00a20001
        arg[0] = 0x00000000

[PMU Major message = 0x00000008]
        PMU String index = 0x00a20001
        arg[0] = 0x00000000

[PMU Major message = 0x00000008]
        PMU String index = 0x00a20001
        arg[0] = 0x00000000

[PMU Major message = 0x00000008]
        PMU String index = 0x00a20001
        arg[0] = 0x000000c0

[PMU Major message = 0x00000008]
        PMU String index = 0x00a20001
        arg[0] = 0x000000ff

[PMU Major message = 0x00000008]
        PMU String index = 0x00a20001
        arg[0] = 0x000000ff

[PMU Major message = 0x00000008]
        PMU String index = 0x00a20001
        arg[0] = 0x000000ff

[PMU Major message = 0x00000008]
        PMU String index = 0x00a20001
        arg[0] = 0x000000ff

[PMU Major message = 0x00000008]
        PMU String index = 0x00a20001
        arg[0] = 0x000000ff

[PMU Major message = 0x00000008]
        PMU String index = 0x00a20001
        arg[0] = 0x000000ff

[PMU Major message = 0x00000008]
        PMU String index = 0x00a20001
        arg[0] = 0x000000ff

[PMU Major message = 0x00000008]
        PMU String index = 0x00a20001
        arg[0] = 0x000000ff

[PMU Major message = 0x00000008]
        PMU String index = 0x00a20001
        arg[0] = 0x000000ff

[PMU Major message = 0x00000008]
        PMU String index = 0x00a20001
        arg[0] = 0x000000ff

[PMU Major message = 0x00000008]
        PMU String index = 0x00a20001
        arg[0] = 0x000000ff

[PMU Major message = 0x00000008]
        PMU String index = 0x00a20001
        arg[0] = 0x000000ff

[PMU Major message = 0x00000008]
        PMU String index = 0x00a30000

[PMU Major message = 0x00000008]
        PMU String index = 0x00a00001
        arg[0] = 0x00000005

[PMU Major message = 0x00000008]
        PMU String index = 0x00a20001
        arg[0] = 0x000000ff

[PMU Major message = 0x00000008]
        PMU String index = 0x00a20001
        arg[0] = 0x000000ff

[PMU Major message = 0x00000008]
        PMU String index = 0x00a20001
        arg[0] = 0x000000ff

[PMU Major message = 0x00000008]
        PMU String index = 0x00a20001
        arg[0] = 0x000000ff

[PMU Major message = 0x00000008]
        PMU String index = 0x00a20001
        arg[0] = 0x000000ff

[PMU Major message = 0x00000008]
        PMU String index = 0x00a20001
        arg[0] = 0x0000001f

[PMU Major message = 0x00000008]
        PMU String index = 0x00a20001
        arg[0] = 0x00000000

[PMU Major message = 0x00000008]
        PMU String index = 0x00a20001
        arg[0] = 0x00000000

[PMU Major message = 0x00000008]
        PMU String index = 0x00a20001
        arg[0] = 0x00000000

[PMU Major message = 0x00000008]
        PMU String index = 0x00a20001
        arg[0] = 0x00000000

[PMU Major message = 0x00000008]
        PMU String index = 0x00a20001
        arg[0] = 0x00000000

[PMU Major message = 0x00000008]
        PMU String index = 0x00a20001
        arg[0] = 0x000000f0

[PMU Major message = 0x00000008]
        PMU String index = 0x00a20001
        arg[0] = 0x000000ff

[PMU Major message = 0x00000008]
        PMU String index = 0x00a20001
        arg[0] = 0x000000ff

[PMU Major message = 0x00000008]
        PMU String index = 0x00a20001
        arg[0] = 0x000000ff

[PMU Major message = 0x00000008]
        PMU String index = 0x00a20001
        arg[0] = 0x000000ff

[PMU Major message = 0x00000008]
        PMU String index = 0x00a20001
        arg[0] = 0x000000ff

[PMU Major message = 0x00000008]
        PMU String index = 0x00a20001
        arg[0] = 0x000000ff

[PMU Major message = 0x00000008]
        PMU String index = 0x00a20001
        arg[0] = 0x000000ff

[PMU Major message = 0x00000008]
        PMU String index = 0x00a20001
        arg[0] = 0x000000ff

[PMU Major message = 0x00000008]
        PMU String index = 0x00a20001
        arg[0] = 0x000000ff

[PMU Major message = 0x00000008]
        PMU String index = 0x00a20001
        arg[0] = 0x000000ff

[PMU Major message = 0x00000008]
        PMU String index = 0x00a20001
        arg[0] = 0x000000ff

[PMU Major message = 0x00000008]
        PMU String index = 0x00a20001
        arg[0] = 0x000000ff

[PMU Major message = 0x00000008]
        PMU String index = 0x00a30000

[PMU Major message = 0x0000000d]
[PMU Major message = 0x00000000]
[PMU Major message = 0x00000002]
[PMU Major message = 0x00000001]
[PMU Major message = 0x00000008]
        PMU String index = 0x00520000

[PMU Major message = 0x00000008]
        PMU String index = 0x00fc0001
        arg[0] = 0x00000000

[PMU Major message = 0x00000008]
        PMU String index = 0x00fd000b
        arg[0] = 0x00000000
        arg[1] = 0x00000012
        arg[2] = 0x00000015
        arg[3] = 0x00000012
        arg[4] = 0x00000015
        arg[5] = 0x00000000
        arg[6] = 0x00000000
        arg[7] = 0x00000000
        arg[8] = 0x00000000
        arg[9] = 0x00000000
        arg[10] = 0x00000000

[PMU Major message = 0x00000008]
        PMU String index = 0x00fd000b
        arg[0] = 0x00000001
        arg[1] = 0x00000016
        arg[2] = 0x00000015
        arg[3] = 0x00000011
        arg[4] = 0x00000016
        arg[5] = 0x00000000
        arg[6] = 0x00000000
        arg[7] = 0x00000000
        arg[8] = 0x00000000
        arg[9] = 0x00000000
        arg[10] = 0x00000000

[PMU Major message = 0x00000008]
        PMU String index = 0x00fd000b
        arg[0] = 0x00000002
        arg[1] = 0x00000010
        arg[2] = 0x00000011
        arg[3] = 0x00000013
        arg[4] = 0x00000013
        arg[5] = 0x00000000
        arg[6] = 0x00000000
        arg[7] = 0x00000000
        arg[8] = 0x00000000
        arg[9] = 0x00000000
        arg[10] = 0x00000000

[PMU Major message = 0x00000008]
        PMU String index = 0x00fd000b
        arg[0] = 0x00000003
        arg[1] = 0x00000011
        arg[2] = 0x00000013
        arg[3] = 0x0000000f
        arg[4] = 0x0000000e
        arg[5] = 0x00000000
        arg[6] = 0x00000000
        arg[7] = 0x00000000
        arg[8] = 0x00000000
        arg[9] = 0x00000000
        arg[10] = 0x00000000

[PMU Major message = 0x00000008]
        PMU String index = 0x00fd000b
        arg[0] = 0x00000004
        arg[1] = 0x00000016
        arg[2] = 0x00000015
        arg[3] = 0x00000016
        arg[4] = 0x00000016
        arg[5] = 0x00000000
        arg[6] = 0x00000000
        arg[7] = 0x00000000
        arg[8] = 0x00000000
        arg[9] = 0x00000000
        arg[10] = 0x00000000

[PMU Major message = 0x00000008]
        PMU String index = 0x00fd000b
        arg[0] = 0x00000005
        arg[1] = 0x00000016
        arg[2] = 0x00000015
        arg[3] = 0x00000016
        arg[4] = 0x00000015
        arg[5] = 0x00000000
        arg[6] = 0x00000000
        arg[7] = 0x00000000
        arg[8] = 0x00000000
        arg[9] = 0x00000000
        arg[10] = 0x00000000

[PMU Major message = 0x00000008]
        PMU String index = 0x00fd000b
        arg[0] = 0x00000006
        arg[1] = 0x00000016
        arg[2] = 0x00000016
        arg[3] = 0x00000016
        arg[4] = 0x00000016
        arg[5] = 0x00000000
        arg[6] = 0x00000000
        arg[7] = 0x00000000
        arg[8] = 0x00000000
        arg[9] = 0x00000000
        arg[10] = 0x00000000

[PMU Major message = 0x00000008]
        PMU String index = 0x00fd000b
        arg[0] = 0x00000007
        arg[1] = 0x00000016
        arg[2] = 0x00000012
        arg[3] = 0x00000015
        arg[4] = 0x00000016
        arg[5] = 0x00000000
        arg[6] = 0x00000000
        arg[7] = 0x00000000
        arg[8] = 0x00000000
        arg[9] = 0x00000000
        arg[10] = 0x00000000

[PMU Major message = 0x00000008]
        PMU String index = 0x00fd000b
        arg[0] = 0x00000008
        arg[1] = 0x00000000
        arg[2] = 0x00000000
        arg[3] = 0x00000000
        arg[4] = 0x00000000
        arg[5] = 0x00000000
        arg[6] = 0x00000000
        arg[7] = 0x00000000
        arg[8] = 0x00000000
        arg[9] = 0x00000000
        arg[10] = 0x00000000

[PMU Major message = 0x0000000a]
[PMU Major message = 0x000000fd]
[PMU Major message = 0x00000008]
        PMU String index = 0x00f30002
        arg[0] = 0x0000001f
        arg[1] = 0x00000000

[PMU Major message = 0x00000008]
        PMU String index = 0x00f30002
        arg[0] = 0x0000001e
        arg[1] = 0x00000002

[PMU Major message = 0x000000fe]
[PMU Major message = 0x00000008]
        PMU String index = 0x00f30002
        arg[0] = 0x0000001e
        arg[1] = 0x00000000

[PMU Major message = 0x00000008]
        PMU String index = 0x00f30002
        arg[0] = 0x0000001e
        arg[1] = 0x00000002

[PMU Major message = 0x00000004]
[PMU Major message = 0x00000003]
[PMU Major message = 0x00000008]
        PMU String index = 0x00110004
        arg[0] = 0x00000000
        arg[1] = 0x00000000
        arg[2] = 0x00000000
        arg[3] = 0x000000ff

[PMU Major message = 0x00000008]
        PMU String index = 0x00110004
        arg[0] = 0x00000000
        arg[1] = 0x00000000
        arg[2] = 0x00000001
        arg[3] = 0x000000ff

[PMU Major message = 0x00000008]
        PMU String index = 0x00110004
        arg[0] = 0x00000000
        arg[1] = 0x00000000
        arg[2] = 0x00000002
        arg[3] = 0x000000ff

[PMU Major message = 0x00000008]
        PMU String index = 0x00110004
        arg[0] = 0x00000000
        arg[1] = 0x00000000
        arg[2] = 0x00000003
        arg[3] = 0x000000ff

[PMU Major message = 0x00000008]
        PMU String index = 0x00110004
        arg[0] = 0x00000000
        arg[1] = 0x00000001
        arg[2] = 0x00000000
        arg[3] = 0x000000ff

[PMU Major message = 0x00000008]
        PMU String index = 0x00110004
        arg[0] = 0x00000000
        arg[1] = 0x00000001
        arg[2] = 0x00000001
        arg[3] = 0x000000ff

[PMU Major message = 0x00000008]
        PMU String index = 0x00110004
        arg[0] = 0x00000000
        arg[1] = 0x00000001
        arg[2] = 0x00000002
        arg[3] = 0x000000ff

[PMU Major message = 0x00000008]
        PMU String index = 0x00110004
        arg[0] = 0x00000000
        arg[1] = 0x00000001
        arg[2] = 0x00000003
        arg[3] = 0x000000ff

[PMU Major message = 0x00000008]
        PMU String index = 0x00110004
        arg[0] = 0x00000000
        arg[1] = 0x00000002
        arg[2] = 0x00000000
        arg[3] = 0x000000ff

[PMU Major message = 0x00000008]
        PMU String index = 0x00110004
        arg[0] = 0x00000000
        arg[1] = 0x00000002
        arg[2] = 0x00000001
        arg[3] = 0x000000ff

[PMU Major message = 0x00000008]
        PMU String index = 0x00110004
        arg[0] = 0x00000000
        arg[1] = 0x00000002
        arg[2] = 0x00000002
        arg[3] = 0x000000ff

[PMU Major message = 0x00000008]
        PMU String index = 0x00110004
        arg[0] = 0x00000000
        arg[1] = 0x00000002
        arg[2] = 0x00000003
        arg[3] = 0x000000ff

[PMU Major message = 0x00000008]
        PMU String index = 0x00110004
        arg[0] = 0x00000000
        arg[1] = 0x00000003
        arg[2] = 0x00000000
        arg[3] = 0x00000000

[PMU Major message = 0x00000008]
        PMU String index = 0x00110004
        arg[0] = 0x00000000
        arg[1] = 0x00000003
        arg[2] = 0x00000001
        arg[3] = 0x00000000

[PMU Major message = 0x00000008]
        PMU String index = 0x00110004
        arg[0] = 0x00000000
        arg[1] = 0x00000003
        arg[2] = 0x00000002
        arg[3] = 0x00000000

[PMU Major message = 0x00000008]
        PMU String index = 0x00110004
        arg[0] = 0x00000000
        arg[1] = 0x00000003
        arg[2] = 0x00000003
        arg[3] = 0x00000000

[PMU Major message = 0x00000008]
        PMU String index = 0x00140002
        arg[0] = 0x00000000
        arg[1] = 0x00000003

[PMU Major message = 0x00000008]
        PMU String index = 0x00160002
        arg[0] = 0x00000003
        arg[1] = 0x00000005

[PMU Major message = 0x00000009]
[PMU Major message = 0x00000008]
        PMU String index = 0x01020000

[PMU Major message = 0x00000008]
        PMU String index = 0x00fc0001
        arg[0] = 0x00000000

[PMU Major message = 0x00000008]
        PMU String index = 0x00fd000b
        arg[0] = 0x00000000
        arg[1] = 0x00000107
        arg[2] = 0x00000105
        arg[3] = 0x00000105
        arg[4] = 0x00000105
        arg[5] = 0x00000000
        arg[6] = 0x00000000
        arg[7] = 0x00000000
        arg[8] = 0x00000000
        arg[9] = 0x00000000
        arg[10] = 0x00000000

[PMU Major message = 0x00000008]
        PMU String index = 0x00fd000b
        arg[0] = 0x00000001
        arg[1] = 0x00000107
        arg[2] = 0x00000105
        arg[3] = 0x00000105
        arg[4] = 0x00000105
        arg[5] = 0x00000000
        arg[6] = 0x00000000
        arg[7] = 0x00000000
        arg[8] = 0x00000000
        arg[9] = 0x00000000
        arg[10] = 0x00000000

[PMU Major message = 0x00000008]
        PMU String index = 0x00fc0001
        arg[0] = 0x00000001

[PMU Major message = 0x00000008]
        PMU String index = 0x00fd000b
        arg[0] = 0x00000000
        arg[1] = 0x00000058
        arg[2] = 0x00000055
        arg[3] = 0x00000056
        arg[4] = 0x00000056
        arg[5] = 0x00000000
        arg[6] = 0x00000000
        arg[7] = 0x00000000
        arg[8] = 0x00000000
        arg[9] = 0x00000000
        arg[10] = 0x00000000

[PMU Major message = 0x00000008]
        PMU String index = 0x00fd000b
        arg[0] = 0x00000001
        arg[1] = 0x00000058
        arg[2] = 0x00000057
        arg[3] = 0x00000055
        arg[4] = 0x00000056
        arg[5] = 0x00000000
        arg[6] = 0x00000000
        arg[7] = 0x00000000
        arg[8] = 0x00000000
        arg[9] = 0x00000000
        arg[10] = 0x00000000

[PMU Major message = 0x00000008]
        PMU String index = 0x00fd000b
        arg[0] = 0x00000002
        arg[1] = 0x00000057
        arg[2] = 0x00000055
        arg[3] = 0x00000055
        arg[4] = 0x00000056
        arg[5] = 0x00000000
        arg[6] = 0x00000000
        arg[7] = 0x00000000
        arg[8] = 0x00000000
        arg[9] = 0x00000000
        arg[10] = 0x00000000

[PMU Major message = 0x00000008]
        PMU String index = 0x00fd000b
        arg[0] = 0x00000003
        arg[1] = 0x00000057
        arg[2] = 0x00000056
        arg[3] = 0x00000054
        arg[4] = 0x00000055
        arg[5] = 0x00000000
        arg[6] = 0x00000000
        arg[7] = 0x00000000
        arg[8] = 0x00000000
        arg[9] = 0x00000000
        arg[10] = 0x00000000

[PMU Major message = 0x00000008]
        PMU String index = 0x00fd000b
        arg[0] = 0x00000004
        arg[1] = 0x00000057
        arg[2] = 0x00000055
        arg[3] = 0x00000055
        arg[4] = 0x00000054
        arg[5] = 0x00000000
        arg[6] = 0x00000000
        arg[7] = 0x00000000
        arg[8] = 0x00000000
        arg[9] = 0x00000000
        arg[10] = 0x00000000

[PMU Major message = 0x00000008]
        PMU String index = 0x00fd000b
        arg[0] = 0x00000005
        arg[1] = 0x00000057
        arg[2] = 0x00000055
        arg[3] = 0x00000055
        arg[4] = 0x00000055
        arg[5] = 0x00000000
        arg[6] = 0x00000000
        arg[7] = 0x00000000
        arg[8] = 0x00000000
        arg[9] = 0x00000000
        arg[10] = 0x00000000

[PMU Major message = 0x00000008]
        PMU String index = 0x00fd000b
        arg[0] = 0x00000006
        arg[1] = 0x00000057
        arg[2] = 0x00000055
        arg[3] = 0x00000056
        arg[4] = 0x00000055
        arg[5] = 0x00000000
        arg[6] = 0x00000000
        arg[7] = 0x00000000
        arg[8] = 0x00000000
        arg[9] = 0x00000000
        arg[10] = 0x00000000

[PMU Major message = 0x00000008]
        PMU String index = 0x00fd000b
        arg[0] = 0x00000007
        arg[1] = 0x00000058
        arg[2] = 0x00000054
        arg[3] = 0x00000055
        arg[4] = 0x00000055
        arg[5] = 0x00000000
        arg[6] = 0x00000000
        arg[7] = 0x00000000
        arg[8] = 0x00000000
        arg[9] = 0x00000000
        arg[10] = 0x00000000

[PMU Major message = 0x00000008]
        PMU String index = 0x00fd000b
        arg[0] = 0x00000008
        arg[1] = 0x00000056
        arg[2] = 0x00000056
        arg[3] = 0x00000055
        arg[4] = 0x00000054
        arg[5] = 0x00000000
        arg[6] = 0x00000000
        arg[7] = 0x00000000
        arg[8] = 0x00000000
        arg[9] = 0x00000000
        arg[10] = 0x00000000

[PMU Major message = 0x00000008]
        PMU String index = 0x01010000

[PMU Major message = 0x00000008]
        PMU String index = 0x00fc0001
        arg[0] = 0x00000000

[PMU Major message = 0x00000008]
        PMU String index = 0x00fd000b
        arg[0] = 0x00000000
        arg[1] = 0x00000217
        arg[2] = 0x00000217
        arg[3] = 0x00000219
        arg[4] = 0x00000217
        arg[5] = 0x00000000
        arg[6] = 0x00000000
        arg[7] = 0x00000000
        arg[8] = 0x00000000
        arg[9] = 0x00000000
        arg[10] = 0x00000000

[PMU Major message = 0x00000008]
        PMU String index = 0x00fd000b
        arg[0] = 0x00000001
        arg[1] = 0x00000217
        arg[2] = 0x00000217
        arg[3] = 0x00000219
        arg[4] = 0x00000217
        arg[5] = 0x00000000
        arg[6] = 0x00000000
        arg[7] = 0x00000000
        arg[8] = 0x00000000
        arg[9] = 0x00000000
        arg[10] = 0x00000000

[PMU Major message = 0x00000008]
        PMU String index = 0x00fc0001
        arg[0] = 0x00000001

[PMU Major message = 0x00000008]
        PMU String index = 0x00fd000b
        arg[0] = 0x00000000
        arg[1] = 0x0000000f
        arg[2] = 0x0000000e
        arg[3] = 0x0000000e
        arg[4] = 0x0000000e
        arg[5] = 0x00000000
        arg[6] = 0x00000000
        arg[7] = 0x00000000
        arg[8] = 0x00000000
        arg[9] = 0x00000000
        arg[10] = 0x00000000

[PMU Major message = 0x00000008]
        PMU String index = 0x00fd000b
        arg[0] = 0x00000001
        arg[1] = 0x0000000e
        arg[2] = 0x0000000e
        arg[3] = 0x0000000d
        arg[4] = 0x0000000e
        arg[5] = 0x00000000
        arg[6] = 0x00000000
        arg[7] = 0x00000000
        arg[8] = 0x00000000
        arg[9] = 0x00000000
        arg[10] = 0x00000000

[PMU Major message = 0x00000007]
Training PASS
MSG_BLOCK:
             CsTestFail : 0xff
----------------------------------------------------------
MSG_BLOCK:
             CDD_ChA_RR_1_0 : 0xff
----------------------------------------------------------
MSG_BLOCK:
             CDD_ChA_RR_1_0 : 0x3
----------------------------------------------------------
MSG_BLOCK:
             CDD_ChA_RW_1_1 : 0xff
----------------------------------------------------------
MSG_BLOCK:
             CDD_ChA_RW_1_0 : 0x0
----------------------------------------------------------
MSG_BLOCK:
             CDD_ChA_RW_0_1 : 0xff
----------------------------------------------------------
MSG_BLOCK:
             CDD_ChA_RW_0_0 : 0x3
----------------------------------------------------------
MSG_BLOCK:
             CDD_ChA_WR_1_1 : 0xff
----------------------------------------------------------
MSG_BLOCK:
             CDD_ChA_WR_1_0 : 0xfe
----------------------------------------------------------
MSG_BLOCK:
             CDD_ChA_WR_0_1 : 0xff
----------------------------------------------------------
MSG_BLOCK:
             CDD_ChA_WR_0_0 : 0xfe
----------------------------------------------------------
MSG_BLOCK:
             CDD_ChA_WW_1_0 : 0xff
----------------------------------------------------------
MSG_BLOCK:
             CDD_ChA_WW_0_1 : 0x1
----------------------------------------------------------
verify success