AT+PLCHOPLIST
Master: F4-83-E1-01-0E-40
relay list:
Node 1
F4-83-E1-01-0E-65 <--Destination
Node 2
F4-83-E1-01-0E-66 <--Destination
Node 3
F4-83-E1-01-0E-08 <--Destination
Node 4
F4-83-E1-01-0E-64 <--Destination
Node 5
F4-83-E1-01-0E-70 <--Destination
Node 6
F4-83-E1-01-0E-08
F4-83-E1-01-0E-92 <--Destination
Node 7
F4-83-E1-01-0E-48
F4-83-E1-01-0E-73 <--Destination
Node 8
F4-83-E1-01-0E-48 <--Destination
Node 9
F4-83-E1-01-0E-65
F4-83-E1-01-0E-04 <--Destination
Node 10
F4-83-E1-01-0E-66
F4-83-E1-01-0E-63 <--Destination
Node 11
F4-83-E1-01-0E-08
F4-83-E1-01-0E-15 <--Destination
Node 12
F4-83-E1-01-0E-86 <--Destination
Node 13
F4-83-E1-01-0E-08
F4-83-E1-01-0E-57 <--Destination
Node 14
F4-83-E1-01-0E-94 <--Destination
Node 15
F4-83-E1-01-0E-59 <--Destination
Node 16
F4-83-E1-01-0E-94
F4-83-E1-01-0E-80 <--Destination
Node 17
F4-83-E1-01-0E-88
F4-83-E1-01-0E-51 <--Destination
Node 18
F4-83-E1-01-0E-08
F4-83-E1-01-0E-20 <--Destination
Node 19
F4-83-E1-01-0E-65
F4-83-E1-01-0E-41 <--Destination
Node 20
F4-83-E1-01-0E-65
F4-83-E1-01-0E-60 <--Destination
Node 21
F4-83-E1-01-0E-88
F4-83-E1-01-0E-29 <--Destination
Node 22
F4-83-E1-01-0E-48
F4-83-E1-01-0E-81 <--Destination
Node 23
F4-83-E1-01-0E-66
F4-83-E1-01-0E-42 <--Destination
Node 24
F4-83-E1-01-0E-08
F4-83-E1-01-0E-27 <--Destination
Node 25
F4-83-E1-01-0E-65
F4-83-E1-01-0E-62 <--Destination
Node 26
F4-83-E1-01-0E-65
F4-83-E1-01-0E-55 <--Destination
Node 27
F4-83-E1-01-0E-88
F4-83-E1-01-0E-03 <--Destination
Node 28
F4-83-E1-01-0E-64
F4-83-E1-01-0E-79 <--Destination
Node 29
F4-83-E1-01-0E-64
F4-83-E1-01-0E-39 <--Destination
Node 30
F4-83-E1-01-0E-48
F4-83-E1-01-0E-11 <--Destination
Node 31
F4-83-E1-01-0E-48
F4-83-E1-01-0E-14 <--Destination
Node 32
F4-83-E1-01-0E-48
F4-83-E1-01-0E-14
F4-83-E1-01-0E-16 <--Destination
Node 33
F4-83-E1-01-0E-66
F4-83-E1-01-0E-69 <--Destination
Node 34
F4-83-E1-01-0E-88
F4-83-E1-01-0E-90 <--Destination
Node 35
F4-83-E1-01-0E-88 <--Destination
Node 36
F4-83-E1-01-0E-65
F4-83-E1-01-0E-85 <--Destination
Node 37
F4-83-E1-01-0E-65
F4-83-E1-01-0E-96 <--Destination
Node 38
F4-83-E1-01-0E-66
F4-83-E1-01-0E-83 <--Destination
