# SEGGER J-Link RTT Viewer V6.00e Terminal Log File
# Compiled: 09:38:54 on Aug  4 2016
# Logging started @ 19 Oct 2017 14:36:40
 0> UPPER: NUM:123, node:78 <--- 32, lc:15
 0> UPPER: NUM:124, node:78 <--- 89, lc:5
 0> UPPER: NUM:124, node:78 <--- 57, lc:5
 0> UPPER: NUM:124, node:78 <--- 32, lc:15
 0> UPPER: NUM:125, node:78 <--- 89, lc:5
 0> UPPER: NUM:125, node:78 <--- 57, lc:5
 0> UPPER: NUM:125, node:78 <--- 32, lc:15
 0> UPPER: NUM:126, node:78 <--- 89, lc:5
 0> UPPER: NUM:126, node:78 <--- 57, lc:5
 0> UPPER: NUM:126, node:78 <--- 32, lc:15
 0> UPPER: NUM:127, node:78 <--- 89, lc:5
 0> UPPER: NUM:127, node:78 <--- 93, lc:65
 0> UPPER: NUM:127, node:78 <--- 57, lc:5
 0> UPPER: NUM:127, node:78 <--- 32, lc:15
 0> UPPER: NUM:128, node:78 <--- 89, lc:5
 0> UPPER: NUM:128, node:78 <--- 57, lc:5
 0> UPPER: NUM:128, node:78 <--- 32, lc:15
 0> UPPER: NUM:129, node:78 <--- 89, lc:5
 0> UPPER: NUM:129, node:78 <--- 57, lc:5
 0> UPPER: NUM:129, node:78 <--- 32, lc:15
 0> UPPER: NUM:130, node:78 <--- 89, lc:5
 0> UPPER: NUM:130, node:78 <--- 93, lc:67
 0> UPPER: NUM:130, node:78 <--- 57, lc:5
 0> UPPER: NUM:130, node:78 <--- 32, lc:15
 0> UPPER: NUM:131, node:78 <--- 89, lc:5
 0> UPPER: NUM:131, node:78 <--- 93, lc:65
 0> UPPER: NUM:131, node:78 <--- 57, lc:5
 0> UPPER: NUM:131, node:78 <--- 32, lc:15
 0> UPPER: NUM:132, node:78 <--- 89, lc:5
 0> UPPER: NUM:132, node:78 <--- 57, lc:5
 0> UPPER: NUM:132, node:78 <--- 32, lc:15
 0> UPPER: NUM:133, node:78 <--- 89, lc:5
 0> UPPER: NUM:133, node:78 <--- 57, lc:5
 0> UPPER: NUM:133, node:78 <--- 32, lc:15
 0> UPPER: NUM:134, node:78 <--- 89, lc:5
 0> UPPER: NUM:134, node:78 <--- 57, lc:5
 0> UPPER: NUM:134, node:78 <--- 32, lc:15
 0> UPPER: NUM:135, node:78 <--- 89, lc:5
 0> UPPER: NUM:135, node:78 <--- 93, lc:66
 0> UPPER: NUM:135, node:78 <--- 57, lc:5
 0> UPPER: NUM:135, node:78 <--- 32, lc:15
 0> UPPER: NUM:136, node:78 <--- 89, lc:5
 0> UPPER: NUM:136, node:78 <--- 57, lc:5
 0> UPPER: NUM:136, node:78 <--- 32, lc:15
 0> UPPER: NUM:121, node:78 <--- 44, lc:80
 0> UPPER: NUM:137, node:78 <--- 89, lc:5
 0> UPPER: NUM:137, node:78 <--- 57, lc:5
 0> UPPER: NUM:137, node:78 <--- 32, lc:15
 0> UPPER: NUM:138, node:78 <--- 89, lc:5
 0> UPPER: NUM:138, node:78 <--- 57, lc:5
 0> UPPER: NUM:138, node:78 <--- 32, lc:15
 0> UPPER: NUM:139, node:78 <--- 89, lc:5
 0> UPPER: NUM:139, node:78 <--- 93, lc:68
 0> UPPER: NUM:139, node:78 <--- 57, lc:5
 0> UPPER: NUM:139, node:78 <--- 32, lc:15
 0> UPPER: NUM:140, node:78 <--- 89, lc:5
 0> UPPER: NUM:140, node:78 <--- 93, lc:66
 0> UPPER: NUM:140, node:78 <--- 57, lc:5
 0> UPPER: NUM:140, node:78 <--- 32, lc:15
 0> UPPER: NUM:141, node:78 <--- 89, lc:5
 0> UPPER: NUM:141, node:78 <--- 93, lc:67
 0> UPPER: NUM:141, node:78 <--- 57, lc:5
 0> UPPER: NUM:141, node:78 <--- 32, lc:15
 0> UPPER: NUM:142, node:78 <--- 89, lc:5
 0> UPPER: NUM:142, node:78 <--- 93, lc:67
 0> UPPER: NUM:142, node:78 <--- 57, lc:5
 0> UPPER: NUM:142, node:78 <--- 32, lc:15
 0> UPPER: NUM:143, node:78 <--- 89, lc:5
 0> UPPER: NUM:143, node:78 <--- 57, lc:5
 0> UPPER: NUM:143, node:78 <--- 32, lc:15
 0> UPPER: NUM:144, node:78 <--- 89, lc:5
 0> UPPER: NUM:144, node:78 <--- 93, lc:65
 0> UPPER: NUM:144, node:78 <--- 57, lc:5
 0> UPPER: NUM:144, node:78 <--- 32, lc:15
 0> UPPER: NUM:145, node:78 <--- 89, lc:5
 0> UPPER: NUM:145, node:78 <--- 57, lc:5
 0> UPPER: NUM:145, node:78 <--- 32, lc:15
 0> UPPER: NUM:146, node:78 <--- 89, lc:5
 0> UPPER: NUM:146, node:78 <--- 57, lc:5
 0> UPPER: NUM:146, node:78 <--- 32, lc:15
 0> HELLO LOST: node:78 not rx hello many time from 44, set 44 to LOST,
 0> UPPER: NUM:147, node:78 <--- 89, lc:5
 0> UPPER: NUM:147, node:78 <--- 57, lc:5
 0> UPPER: NUM:147, node:78 <--- 32, lc:15
 0> UPPER: NUM:148, node:78 <--- 89, lc:5
 0> UPPER: NUM:148, node:78 <--- 57, lc:5
 0> UPPER: NUM:148, node:78 <--- 32, lc:15
 0> UPPER: NUM:149, node:78 <--- 89, lc:5
 0> UPPER: NUM:149, node:78 <--- 57, lc:5
 0> UPPER: NUM:149, node:78 <--- 32, lc:15
 0> UPPER: NUM:150, node:78 <--- 89, lc:5
 0> UPPER: NUM:150, node:78 <--- 57, lc:5
 0> UPPER: NUM:150, node:78 <--- 32, lc:15
 0> UPPER: NUM:151, node:78 <--- 89, lc:5
 0> UPPER: NUM:151, node:78 <--- 57, lc:5
 0> UPPER: NUM:151, node:78 <--- 32, lc:15
 0> UPPER: NUM:152, node:78 <--- 89, lc:5
 0> UPPER: NUM:152, node:78 <--- 93, lc:67
 0> UPPER: NUM:152, node:78 <--- 57, lc:5
 0> UPPER: NUM:152, node:78 <--- 32, lc:15
 0> UPPER: NUM:153, node:78 <--- 89, lc:5
 0> UPPER: NUM:153, node:78 <--- 57, lc:5
 0> UPPER: NUM:153, node:78 <--- 32, lc:15
 0> UPPER: NUM:154, node:78 <--- 89, lc:5
 0> UPPER: NUM:154, node:78 <--- 57, lc:5
 0> UPPER: NUM:154, node:78 <--- 32, lc:15
 0> UPPER: NUM:155, node:78 <--- 89, lc:5
 0> UPPER: NUM:155, node:78 <--- 93, lc:66
 0> UPPER: NUM:155, node:78 <--- 57, lc:5
 0> UPPER: NUM:155, node:78 <--- 32, lc:15
 0> UPPER: NUM:156, node:78 <--- 89, lc:5
 0> UPPER: NUM:156, node:78 <--- 93, lc:66
 0> UPPER: NUM:156, node:78 <--- 57, lc:5
 0> UPPER: NUM:156, node:78 <--- 32, lc:15
 0> HELLO LOST: node:78 not rx hello very many time from 44, delete 44,
 0> UPPER: NUM:157, node:78 <--- 89, lc:5
 0> UPPER: NUM:157, node:78 <--- 57, lc:5
 0> UPPER: NUM:157, node:78 <--- 32, lc:15
 0> UPPER: NUM:158, node:78 <--- 89, lc:5
 0> UPPER: NUM:158, node:78 <--- 57, lc:5
 0> UPPER: NUM:158, node:78 <--- 32, lc:14
 0> UPPER: NUM:159, node:78 <--- 89, lc:5
 0> UPPER: NUM:159, node:78 <--- 57, lc:5
 0> UPPER: NUM:159, node:78 <--- 32, lc:15
 0> UPPER: NUM:160, node:78 <--- 89, lc:5
 0> UPPER: NUM:160, node:78 <--- 57, lc:5
 0> UPPER: NUM:160, node:78 <--- 32, lc:15
 0> UPPER: NUM:161, node:78 <--- 89, lc:5
 0> UPPER: NUM:161, node:78 <--- 57, lc:5
 0> UPPER: NUM:161, node:78 <--- 32, lc:15
 0> UPPER: NUM:162, node:78 <--- 89, lc:5
 0> UPPER: NUM:162, node:78 <--- 93, lc:68
 0> UPPER: NUM:162, node:78 <--- 57, lc:5
 0> UPPER: NUM:162, node:78 <--- 32, lc:15
 0> UPPER: NUM:163, node:78 <--- 89, lc:5
 0> UPPER: NUM:163, node:78 <--- 57, lc:5
 0> UPPER: NUM:163, node:78 <--- 32, lc:15
 0> UPPER: NUM:164, node:78 <--- 89, lc:5
 0> UPPER: NUM:164, node:78 <--- 57, lc:5
 0> UPPER: NUM:164, node:78 <--- 32, lc:15
 0> UPPER: NUM:165, node:78 <--- 89, lc:5
 0> UPPER: NUM:165, node:78 <--- 93, lc:67
 0> UPPER: NUM:165, node:78 <--- 57, lc:5
 0> UPPER: NUM:165, node:78 <--- 32, lc:15
 0> UPPER: NUM:166, node:78 <--- 89, lc:5
 0> UPPER: NUM:166, node:78 <--- 57, lc:5
 0> UPPER: NUM:166, node:78 <--- 32, lc:15
 0> UPPER: NUM:167, node:78 <--- 89, lc:5
 0> UPPER: NUM:167, node:78 <--- 57, lc:5
 0> UPPER: NUM:167, node:78 <--- 32, lc:15
  < AT+PLCHOPDEBUG=0x11
 0> AT+PLCHOPDEBUG=0x11
 0> 
 0> OK
  < AT+PLCHOPDEBUG=17
 0> AT+PLCHOPDEBUG=17
 0> 
 0> OK
 0> rssi:    3488 from src node:89 
 0> UPPER: NUM:188, node:78 <--- 89, lc:5
 0> rssi:    30D6 from src node:57 
 0> UPPER: NUM:188, node:78 <--- 57, lc:5
 0> rssi:     8C1 from src node:32 
 0> UPPER: NUM:188, node:78 <--- 32, lc:15
 0> UPPER_TX_ACK: NUM:201, Last NUM:180
 0> rssi:    349B from src node:89 
 0> UPPER: NUM:189, node:78 <--- 89, lc:5
 0> rssi:    30EA from src node:57 
 0> UPPER: NUM:189, node:78 <--- 57, lc:5
 0> rssi:     8F0 from src node:32 
 0> UPPER: NUM:189, node:78 <--- 32, lc:15
 0> rssi:    345C from src node:89 
 0> UPPER: NUM:190, node:78 <--- 89, lc:5
 0> rssi:     1A4 from src node:93 
 0> UPPER: NUM:190, node:78 <--- 93, lc:66
 0> rssi:    30D0 from src node:57 
 0> UPPER: NUM:190, node:78 <--- 57, lc:5
 0> rssi:     8C5 from src node:32 
 0> UPPER: NUM:190, node:78 <--- 32, lc:15
 0> rssi:    346B from src node:89 
 0> UPPER: NUM:191, node:78 <--- 89, lc:5
 0> rssi:    30C9 from src node:57 
 0> UPPER: NUM:191, node:78 <--- 57, lc:5
 0> rssi:     8C0 from src node:32 
 0> UPPER: NUM:191, node:78 <--- 32, lc:15
 0> rssi:    3464 from src node:89 
 0> UPPER: NUM:192, node:78 <--- 89, lc:5
 0> rssi:    30C9 from src node:57 
 0> UPPER: NUM:192, node:78 <--- 57, lc:5
 0> rssi:     8E0 from src node:32 
 0> UPPER: NUM:192, node:78 <--- 32, lc:15
 0> rssi:    34B0 from src node:89 
 0> UPPER: NUM:193, node:78 <--- 89, lc:5
 0> rssi:     198 from src node:93 
 0> UPPER: NUM:193, node:78 <--- 93, lc:67
 0> rssi:    30BC from src node:57 
 0> UPPER: NUM:193, node:78 <--- 57, lc:5
 0> rssi:     8CC from src node:32 
 0> UPPER: NUM:193, node:78 <--- 32, lc:15
 0> rssi:    349E from src node:89 
 0> UPPER: NUM:194, node:78 <--- 89, lc:5
 0> rssi:     1A4 from src node:93 
 0> UPPER: NUM:194, node:78 <--- 93, lc:66
 0> rssi:    30CB from src node:57 
 0> UPPER: NUM:194, node:78 <--- 57, lc:5
 0> rssi:     8BE from src node:32 
 0> UPPER: NUM:194, node:78 <--- 32, lc:15
 0> rssi:      D7 from src node:44 
 0> UPPER: NUM:179, node:78 <--- 44, lc:79
 0> rssi:    3456 from src node:89 
 0> UPPER: NUM:195, node:78 <--- 89, lc:5
 0> rssi:    30D7 from src node:57 
 0> UPPER: NUM:195, node:78 <--- 57, lc:5
 0> rssi:     8DE from src node:32 
 0> UPPER: NUM:195, node:78 <--- 32, lc:15
 0> rssi:    3456 from src node:89 
 0> UPPER: NUM:196, node:78 <--- 89, lc:5
 0> rssi:    30F3 from src node:57 
 0> UPPER: NUM:196, node:78 <--- 57, lc:5
 0> rssi:     8E0 from src node:32 
 0> UPPER: NUM:196, node:78 <--- 32, lc:15
