# SEGGER J-Link RTT Viewer V6.00e Terminal Log File
# Compiled: 09:38:54 on Aug  4 2016
# Logging started @ 19 Oct 2017 14:42:15
 0> rssi:     CB2 from src node:44 
 0> rssi:     C87 from src node:44 
 0> rssi:     E2C from src node:57 
 0> UPPER: NUM: 35, node:89 <--- 57, lc:10
 0> rssi:    6F2A from src node:78 
 0> UPPER: NUM: 48, node:89 <--- 78, lc:5
 0> rssi:     C73 from src node:44 
 0> rssi:     E3E from src node:57 
 0> UPPER: NUM: 36, node:89 <--- 57, lc:10
 0> rssi:    6F3B from src node:78 
 0> UPPER: NUM: 49, node:89 <--- 78, lc:5
 0> rssi:     CAB from src node:44 
 0> rssi:     E3F from src node:57 
 0> UPPER: NUM: 37, node:89 <--- 57, lc:10
 0> rssi:    6F3D from src node:78 
 0> UPPER: NUM: 50, node:89 <--- 78, lc:5
 0> rssi:     C8D from src node:44 
 0> rssi:     FDB from src node:44 
 0> rssi:     E37 from src node:57 
 0> UPPER: NUM: 38, node:89 <--- 57, lc:10
 0> rssi:    6E3B from src node:78 
 0> UPPER: NUM: 51, node:89 <--- 78, lc:5
 0> rssi:     C3E from src node:44 
 0> rssi:     E27 from src node:57 
 0> UPPER: NUM: 39, node:89 <--- 57, lc:10
 0> rssi:    6E74 from src node:78 
 0> UPPER: NUM: 52, node:89 <--- 78, lc:5
 0> rssi:     E38 from src node:44 
 0> rssi:     E1D from src node:57 
 0> UPPER: NUM: 40, node:89 <--- 57, lc:10
 0> rssi:    6F32 from src node:78 
 0> UPPER: NUM: 53, node:89 <--- 78, lc:5
 0> rssi:     CCB from src node:44 
 0> rssi:     CD1 from src node:44 
 0> rssi:     E4E from src node:57 
 0> UPPER: NUM: 41, node:89 <--- 57, lc:10
 0> rssi:    6F66 from src node:78 
 0> UPPER: NUM: 54, node:89 <--- 78, lc:5
 0> rssi:     CAE from src node:44 
 0> rssi:    6EE3 from src node:78 
 0> UPPER: NUM: 55, node:89 <--- 78, lc:5
 0> rssi:     E5B from src node:57 
 0> UPPER: NUM: 42, node:89 <--- 57, lc:10
 0> rssi:     C76 from src node:44 
 0> rssi:    6EC1 from src node:78 
 0> UPPER: NUM: 56, node:89 <--- 78, lc:5
 0> rssi:     E73 from src node:57 
 0> UPPER: NUM: 43, node:89 <--- 57, lc:10
 0> rssi:     C6E from src node:44 
 0> rssi:     C66 from src node:44 
 0> rssi:    6EDA from src node:78 
 0> UPPER: NUM: 57, node:89 <--- 78, lc:5
 0> rssi:     E86 from src node:57 
 0> UPPER: NUM: 44, node:89 <--- 57, lc:10
 0> rssi:     C6E from src node:44 
 0> rssi:    6F18 from src node:78 
 0> UPPER: NUM: 58, node:89 <--- 78, lc:5
 0> rssi:    11DC from src node:57 
 0> UPPER: NUM: 45, node:89 <--- 57, lc:10
 0> rssi:     CD6 from src node:44 
 0> rssi:    6F2E from src node:78 
 0> UPPER: NUM: 59, node:89 <--- 78, lc:5
 0> rssi:     E44 from src node:57 
 0> UPPER: NUM: 46, node:89 <--- 57, lc:10
 0> rssi:     CBE from src node:44 
 0> rssi:     CA4 from src node:44 
 0> rssi:    6F04 from src node:78 
 0> UPPER: NUM: 60, node:89 <--- 78, lc:5
 0> rssi:     CAD from src node:44 
 0> rssi:    6EB6 from src node:78 
 0> UPPER: NUM: 61, node:89 <--- 78, lc:5
 0> rssi:     E31 from src node:57 
 0> UPPER: NUM: 48, node:89 <--- 57, lc:10
 0> rssi:     C7D from src node:44 
 0> rssi:    6EBE from src node:78 
 0> UPPER: NUM: 62, node:89 <--- 78, lc:5
 0> rssi:     E61 from src node:57 
 0> UPPER: NUM: 49, node:89 <--- 57, lc:10
 0> rssi:     C94 from src node:44 
 0> rssi:     CA0 from src node:44 
 0> rssi:    6FA8 from src node:78 
 0> UPPER: NUM: 63, node:89 <--- 78, lc:5
 0> rssi:     E30 from src node:57 
 0> UPPER: NUM: 50, node:89 <--- 57, lc:10
 0> rssi:     C80 from src node:44 
 0> rssi:    6F41 from src node:78 
 0> UPPER: NUM: 64, node:89 <--- 78, lc:5
 0> rssi:     E36 from src node:57 
 0> UPPER: NUM: 51, node:89 <--- 57, lc:10
 0> rssi:    6E66 from src node:78 
 0> UPPER: NUM: 65, node:89 <--- 78, lc:5
 0> rssi:     E3F from src node:57 
 0> UPPER: NUM: 52, node:89 <--- 57, lc:10
 0> rssi:    1041 from src node:44 
 0> rssi:     CBE from src node:44 
 0> rssi:    6ECD from src node:78 
 0> UPPER: NUM: 66, node:89 <--- 78, lc:5
 0> rssi:     E4C from src node:57 
 0> UPPER: NUM: 53, node:89 <--- 57, lc:10
 0> rssi:     CE6 from src node:44 
 0> rssi:    6F90 from src node:78 
 0> UPPER: NUM: 67, node:89 <--- 78, lc:5
 0> rssi:     E60 from src node:57 
 0> UPPER: NUM: 54, node:89 <--- 57, lc:10
 0> rssi:     C6B from src node:44 
 0> rssi:    6F41 from src node:78 
 0> UPPER: NUM: 68, node:89 <--- 78, lc:5
 0> rssi:     E22 from src node:57 
 0> UPPER: NUM: 55, node:89 <--- 57, lc:10
 0> rssi:     C6D from src node:44 
 0> rssi:     C3A from src node:44 
 0> rssi:    6F63 from src node:78 
 0> UPPER: NUM: 69, node:89 <--- 78, lc:5
 0> rssi:     E64 from src node:57 
 0> UPPER: NUM: 56, node:89 <--- 57, lc:10
 0> rssi:     C33 from src node:44 
 0> rssi:    6E7A from src node:78 
 0> UPPER: NUM: 70, node:89 <--- 78, lc:5
 0> rssi:     E75 from src node:57 
 0> UPPER: NUM: 57, node:89 <--- 57, lc:10
 0> rssi:     C3B from src node:44 
 0> rssi:    6F62 from src node:78 
 0> UPPER: NUM: 71, node:89 <--- 78, lc:5
 0> rssi:     E3F from src node:57 
 0> UPPER: NUM: 58, node:89 <--- 57, lc:10
 0> rssi:     CA3 from src node:44 
 0> rssi:     E27 from src node:44 
 0> rssi:    6F88 from src node:78 
 0> UPPER: NUM: 72, node:89 <--- 78, lc:5
 0> rssi:     E4C from src node:57 
 0> UPPER: NUM: 59, node:89 <--- 57, lc:10
 0> rssi:     C6A from src node:44 
 0> rssi:    6F41 from src node:78 
 0> UPPER: NUM: 73, node:89 <--- 78, lc:5
 0> rssi:     E91 from src node:57 
 0> UPPER: NUM: 60, node:89 <--- 57, lc:10
 0> rssi:     C84 from src node:44 
 0> rssi:    6F51 from src node:78 
 0> UPPER: NUM: 74, node:89 <--- 78, lc:5
 0> rssi:     E73 from src node:57 
 0> UPPER: NUM: 61, node:89 <--- 57, lc:10
 0> rssi:     C5E from src node:44 
 0> rssi:     C82 from src node:44 
 0> rssi:    6F10 from src node:78 
 0> UPPER: NUM: 75, node:89 <--- 78, lc:5
 0> rssi:     E21 from src node:57 
 0> UPPER: NUM: 62, node:89 <--- 57, lc:10
 0> rssi:     C4A from src node:44 
 0> rssi:    6E7C from src node:78 
 0> UPPER: NUM: 76, node:89 <--- 78, lc:5
 0> rssi:     E46 from src node:57 
 0> UPPER: NUM: 63, node:89 <--- 57, lc:10
 0> rssi:     C86 from src node:44 
 0> rssi:    6F57 from src node:78 
 0> UPPER: NUM: 77, node:89 <--- 78, lc:5
 0> rssi:     E84 from src node:57 
 0> UPPER: NUM: 64, node:89 <--- 57, lc:10
 0> rssi:     C76 from src node:44 
 0> rssi:     C84 from src node:44 
 0> rssi:    6F4C from src node:78 
 0> UPPER: NUM: 78, node:89 <--- 78, lc:5
 0> rssi:     E50 from src node:57 
 0> UPPER: NUM: 65, node:89 <--- 57, lc:10
 0> rssi:     CB4 from src node:44 
 0> rssi:    6F76 from src node:78 
 0> UPPER: NUM: 79, node:89 <--- 78, lc:5
 0> rssi:     E50 from src node:57 
 0> UPPER: NUM: 66, node:89 <--- 57, lc:10
 0> rssi:     C59 from src node:44 
 0> rssi:    6F56 from src node:78 
 0> UPPER: NUM: 80, node:89 <--- 78, lc:5
 0> rssi:     E34 from src node:57 
 0> UPPER: NUM: 67, node:89 <--- 57, lc:10
 0> rssi:     C53 from src node:44 
 0> rssi:     C82 from src node:44 
 0> rssi:    6FCA from src node:78 
 0> UPPER: NUM: 81, node:89 <--- 78, lc:5
 0> rssi:     E2E from src node:57 
 0> UPPER: NUM: 68, node:89 <--- 57, lc:10
 0> rssi:     C83 from src node:44 
 0> rssi:    6F95 from src node:78 
 0> UPPER: NUM: 82, node:89 <--- 78, lc:5
 0> rssi:     E11 from src node:57 
 0> UPPER: NUM: 69, node:89 <--- 57, lc:10
 0> rssi:     CBA from src node:44 
 0> rssi:    6EA4 from src node:78 
 0> UPPER: NUM: 83, node:89 <--- 78, lc:5
 0> rssi:     E23 from src node:57 
 0> UPPER: NUM: 70, node:89 <--- 57, lc:10
 0> rssi:     C61 from src node:44 
 0> rssi:     C5E from src node:44 
 0> rssi:    6F20 from src node:78 
 0> UPPER: NUM: 84, node:89 <--- 78, lc:5
 0> rssi:     E3A from src node:57 
 0> UPPER: NUM: 71, node:89 <--- 57, lc:10
 0> rssi:     C58 from src node:44 
 0> rssi:    6EF6 from src node:78 
 0> UPPER: NUM: 85, node:89 <--- 78, lc:5
 0> rssi:     E27 from src node:57 
 0> UPPER: NUM: 72, node:89 <--- 57, lc:10
 0> rssi:     C44 from src node:44 
 0> rssi:    6F9A from src node:78 
 0> UPPER: NUM: 86, node:89 <--- 78, lc:5
 0> rssi:     E34 from src node:57 
 0> UPPER: NUM: 73, node:89 <--- 57, lc:10
 0> rssi:     C57 from src node:44 
 0> rssi:    102D from src node:44 
 0> rssi:    6EE3 from src node:78 
 0> UPPER: NUM: 87, node:89 <--- 78, lc:5
 0> rssi:     FC9 from src node:57 
 0> UPPER: NUM: 74, node:89 <--- 57, lc:10
 0> rssi:     C29 from src node:44 
 0> rssi:    6ECE from src node:78 
 0> UPPER: NUM: 88, node:89 <--- 78, lc:5
 0> rssi:     E1A from src node:57 
 0> UPPER: NUM: 75, node:89 <--- 57, lc:10
 0> rssi:     C5C from src node:44 
 0> rssi:    6ED9 from src node:78 
 0> UPPER: NUM: 89, node:89 <--- 78, lc:5
 0> rssi:    1164 from src node:57 
 0> UPPER: NUM: 76, node:89 <--- 57, lc:10
 0> rssi:     C55 from src node:44 
 0> rssi:     BF6 from src node:44 
 0> rssi:    6F44 from src node:78 
 0> UPPER: NUM: 90, node:89 <--- 78, lc:5
 0> rssi:     E26 from src node:57 
 0> UPPER: NUM: 77, node:89 <--- 57, lc:10
 0> rssi:     BFE from src node:44 
 0> rssi:    6F0D from src node:78 
 0> UPPER: NUM: 91, node:89 <--- 78, lc:5
 0> rssi:     E30 from src node:57 
 0> UPPER: NUM: 78, node:89 <--- 57, lc:10
 0> rssi:    101D from src node:44 
 0> rssi:    6EB5 from src node:78 
 0> UPPER: NUM: 92, node:89 <--- 78, lc:5
 0> rssi:     C55 from src node:44 
 0> rssi:    6F50 from src node:78 
 0> UPPER: NUM: 93, node:89 <--- 78, lc:5
 0> rssi:     E39 from src node:57 
 0> UPPER: NUM: 80, node:89 <--- 57, lc:10
 0> rssi:     C85 from src node:44 
 0> rssi:    6E92 from src node:78 
 0> UPPER: NUM: 94, node:89 <--- 78, lc:5
 0> rssi:     F2B from src node:57 
 0> UPPER: NUM: 81, node:89 <--- 57, lc:10
 0> rssi:    6ECB from src node:78 
 0> UPPER: NUM: 95, node:89 <--- 78, lc:5
 0> rssi:     E3E from src node:57 
 0> UPPER: NUM: 82, node:89 <--- 57, lc:10
 0> rssi:     C34 from src node:44 
 0> rssi:     C92 from src node:44 
 0> rssi:    6F44 from src node:78 
 0> UPPER: NUM: 96, node:89 <--- 78, lc:5
 0> rssi:    1076 from src node:57 
 0> UPPER: NUM: 83, node:89 <--- 57, lc:10
 0> rssi:     C9B from src node:44 
 0> rssi:    6E56 from src node:78 
 0> UPPER: NUM: 97, node:89 <--- 78, lc:5
 0> rssi:     E2C from src node:57 
 0> UPPER: NUM: 84, node:89 <--- 57, lc:10
 0> rssi:    1046 from src node:44 
 0> rssi:    6EC0 from src node:78 
 0> UPPER: NUM: 98, node:89 <--- 78, lc:5
 0> rssi:     E1A from src node:57 
 0> UPPER: NUM: 85, node:89 <--- 57, lc:10
 0> rssi:     C44 from src node:44 
 0> rssi:     E5E from src node:44 
 0> rssi:    6F05 from src node:78 
 0> UPPER: NUM: 99, node:89 <--- 78, lc:5
 0> rssi:     E39 from src node:57 
 0> UPPER: NUM: 86, node:89 <--- 57, lc:10
 0> rssi:     C6F from src node:44 
 0> rssi:    6F4F from src node:78 
 0> UPPER: NUM:100, node:89 <--- 78, lc:5
 0> rssi:     F95 from src node:57 
 0> UPPER: NUM: 87, node:89 <--- 57, lc:10
 0> rssi:     C60 from src node:44 
 0> rssi:    6E6E from src node:78 
 0> UPPER: NUM:101, node:89 <--- 78, lc:5
 0> rssi:     E2D from src node:57 
 0> UPPER: NUM: 88, node:89 <--- 57, lc:10
 0> rssi:     C4B from src node:44 
 0> rssi:     C94 from src node:44 
 0> rssi:    6EC3 from src node:78 
 0> UPPER: NUM:102, node:89 <--- 78, lc:5
 0> rssi:     E0E from src node:57 
 0> UPPER: NUM: 89, node:89 <--- 57, lc:10
 0> rssi:     C49 from src node:44 
 0> rssi:    6EB0 from src node:78 
 0> UPPER: NUM:103, node:89 <--- 78, lc:5
 0> rssi:     E34 from src node:57 
 0> UPPER: NUM: 90, node:89 <--- 57, lc:10
 0> rssi:     C25 from src node:44 
 0> rssi:    6ED7 from src node:78 
 0> UPPER: NUM:104, node:89 <--- 78, lc:5
 0> rssi:     C48 from src node:44 
 0> rssi:     C4A from src node:44 
 0> rssi:    6F9E from src node:78 
 0> UPPER: NUM:105, node:89 <--- 78, lc:5

# Logging stopped @ 19 Oct 2017 14:44:11
